Arguments: 
  C:\Program Files\nodejs\node.exe C:\Users\Tanne\AppData\Roaming\npm\node_modules\yarn\bin\yarn.js add @apollo-client

PATH: 
  C:\Python38\Scripts\;C:\Python38\;C:\Program Files (x86)\Common Files\Oracle\Java\javapath;C:\Windows\system32;C:\Windows;C:\Windows\System32\Wbem;C:\Windows\System32\WindowsPowerShell\v1.0\;C:\Windows\System32\OpenSSH\;C:\Program Files (x86)\Brackets\command;C:\PHP;C:\ProgramData\chocolatey\bin;C:\Program Files\PuTTY\;C:\Program Files\Git\cmd;C:\Program Files (x86)\NVIDIA Corporation\PhysX\Common;C:\Program Files\NVIDIA Corporation\NVIDIA NvDLISR;C:\Program Files\nodejs\;C:\Users\Tanne\AppData\Local\Programs\Python\Python39\Scripts\;C:\Users\Tanne\AppData\Local\Programs\Python\Python39\;C:\Users\Tanne\AppData\Local\Microsoft\WindowsApps;C:\Users\Tanne\AppData\Local\GitHubDesktop\bin;C:\Users\Tanne\AppData\Local\Programs\Microsoft VS Code\bin;A:\ffmpeg\bin;C:\Users\Tanne\AppData\Roaming\npm

Yarn version: 
  1.22.10

Node version: 
  14.15.4

Platform: 
  win32 x64

Trace: 
  Error: https://registry.yarnpkg.com/@apollo-client: Request "https://registry.yarnpkg.com/@apollo-client" returned a 405
      at Request.params.callback [as _callback] (C:\Users\Tanne\AppData\Roaming\npm\node_modules\yarn\lib\cli.js:66997:18)
      at Request.self.callback (C:\Users\Tanne\AppData\Roaming\npm\node_modules\yarn\lib\cli.js:140662:22)
      at Request.emit (events.js:315:20)
      at Request.<anonymous> (C:\Users\Tanne\AppData\Roaming\npm\node_modules\yarn\lib\cli.js:141634:10)
      at Request.emit (events.js:315:20)
      at IncomingMessage.<anonymous> (C:\Users\Tanne\AppData\Roaming\npm\node_modules\yarn\lib\cli.js:141556:12)
      at Object.onceWrapper (events.js:421:28)
      at IncomingMessage.emit (events.js:327:22)
      at endReadableNT (internal/streams/readable.js:1327:12)
      at processTicksAndRejections (internal/process/task_queues.js:80:21)

npm manifest: 
  {
    "name": "simp-bot",
    "version": "1.0.0",
    "description": "",
    "main": "index.js",
    "scripts": {
      "dev": "nodemon ./src/index.js",
      "start": "node ./src/index.js",
      "build": ""
    },
    "keywords": [],
    "author": "",
    "license": "ISC",
    "dependencies": {
      "discord.js": "^12.5.1",
      "mongoose": "^5.11.13"
    },
    "devDependencies": {
      "nodemon": "^2.0.7"
    }
  }

yarn manifest: 
  No manifest

Lockfile: 
  No lockfile
